[35m[1mScanning dependencies of target elevation_mapping_pcl_types[0m
[  5%] [32mBuilding CXX object CMakeFiles/elevation_mapping_pcl_types.dir/src/PointXYZRGBConfidenceRatio.cpp.o[0m
[ 11%] [32m[1mLinking CXX shared library /home/zyt/zyt_0526/devel/.private/elevation_mapping/lib/libelevation_mapping_pcl_types.so[0m
[ 11%] Built target elevation_mapping_pcl_types
[35m[1mScanning dependencies of target elevation_mapping_library[0m
[ 16%] [32mBuilding CXX object CMakeFiles/elevation_mapping_library.dir/src/ElevationMapping.cpp.o[0m
[ 22%] [32mBuilding CXX object CMakeFiles/elevation_mapping_library.dir/src/ElevationMap.cpp.o[0m
[ 27%] [32mBuilding CXX object CMakeFiles/elevation_mapping_library.dir/src/input_sources/Input.cpp.o[0m
[ 33%] [32mBuilding CXX object CMakeFiles/elevation_mapping_library.dir/src/input_sources/InputSourceManager.cpp.o[0m
[ 38%] [32mBuilding CXX object CMakeFiles/elevation_mapping_library.dir/src/postprocessing/PostprocessorPool.cpp.o[0m
[ 44%] [32mBuilding CXX object CMakeFiles/elevation_mapping_library.dir/src/postprocessing/PostprocessingWorker.cpp.o[0m
[ 50%] [32mBuilding CXX object CMakeFiles/elevation_mapping_library.dir/src/postprocessing/PostprocessingPipelineFunctor.cpp.o[0m
[ 55%] [32mBuilding CXX object CMakeFiles/elevation_mapping_library.dir/src/RobotMotionMapUpdater.cpp.o[0m
[ 61%] [32mBuilding CXX object CMakeFiles/elevation_mapping_library.dir/src/sensor_processors/SensorProcessorBase.cpp.o[0m
[ 66%] [32mBuilding CXX object CMakeFiles/elevation_mapping_library.dir/src/sensor_processors/StructuredLightSensorProcessor.cpp.o[0m
[ 72%] [32mBuilding CXX object CMakeFiles/elevation_mapping_library.dir/src/sensor_processors/StereoSensorProcessor.cpp.o[0m
[ 77%] [32mBuilding CXX object CMakeFiles/elevation_mapping_library.dir/src/sensor_processors/LaserSensorProcessor.cpp.o[0m
[ 83%] [32mBuilding CXX object CMakeFiles/elevation_mapping_library.dir/src/sensor_processors/PerfectSensorProcessor.cpp.o[0m
[ 88%] [32m[1mLinking CXX shared library /home/zyt/zyt_0526/devel/.private/elevation_mapping/lib/libelevation_mapping_library.so[0m
[ 88%] Built target elevation_mapping_library
[35m[1mScanning dependencies of target elevation_mapping[0m
[ 94%] [32mBuilding CXX object CMakeFiles/elevation_mapping.dir/src/elevation_mapping_node.cpp.o[0m
[100%] [32m[1mLinking CXX executable /home/zyt/zyt_0526/devel/.private/elevation_mapping/lib/elevation_mapping/elevation_mapping[0m
[100%] Built target elevation_mapping
