[35m[1mScanning dependencies of target geometry_msgs_generate_messages_nodejs[0m
[35m[1mScanning dependencies of target _traversability_msgs_generate_messages_check_deps_FootprintPath[0m
[35m[1mScanning dependencies of target _traversability_msgs_generate_messages_check_deps_Overwrite[0m
[35m[1mScanning dependencies of target _traversability_msgs_generate_messages_check_deps_CheckFootprintPath[0m
[  0%] Built target geometry_msgs_generate_messages_nodejs
[35m[1mScanning dependencies of target _traversability_msgs_generate_messages_check_deps_TraversabilityResult[0m
[  0%] Built target _traversability_msgs_generate_messages_check_deps_FootprintPath
[  0%] Built target _traversability_msgs_generate_messages_check_deps_Overwrite
[35m[1mScanning dependencies of target geometry_msgs_generate_messages_py[0m
[  0%] Built target _traversability_msgs_generate_messages_check_deps_CheckFootprintPath
[35m[1mScanning dependencies of target geometry_msgs_generate_messages_cpp[0m
[  0%] Built target geometry_msgs_generate_messages_py
[35m[1mScanning dependencies of target geometry_msgs_generate_messages_eus[0m
[35m[1mScanning dependencies of target geometry_msgs_generate_messages_lisp[0m
[  0%] Built target geometry_msgs_generate_messages_cpp
[  0%] Built target geometry_msgs_generate_messages_eus
[  0%] Built target geometry_msgs_generate_messages_lisp
[  0%] Built target _traversability_msgs_generate_messages_check_deps_TraversabilityResult
[35m[1mScanning dependencies of target traversability_msgs_generate_messages_nodejs[0m
[35m[1mScanning dependencies of target traversability_msgs_generate_messages_cpp[0m
[35m[1mScanning dependencies of target traversability_msgs_generate_messages_py[0m
[35m[1mScanning dependencies of target traversability_msgs_generate_messages_eus[0m
[  4%] [34m[1mGenerating C++ code from traversability_msgs/FootprintPath.msg[0m
[  8%] [34m[1mGenerating Python from MSG traversability_msgs/FootprintPath[0m
[ 13%] [34m[1mGenerating Javascript code from traversability_msgs/FootprintPath.msg[0m
[ 17%] [34m[1mGenerating EusLisp code from traversability_msgs/FootprintPath.msg[0m
[ 21%] [34m[1mGenerating C++ code from traversability_msgs/TraversabilityResult.msg[0m
[ 26%] [34m[1mGenerating Javascript code from traversability_msgs/TraversabilityResult.msg[0m
[ 30%] [34m[1mGenerating EusLisp code from traversability_msgs/TraversabilityResult.msg[0m
[ 34%] [34m[1mGenerating C++ code from traversability_msgs/CheckFootprintPath.srv[0m
[ 39%] [34m[1mGenerating Javascript code from traversability_msgs/CheckFootprintPath.srv[0m
[ 43%] [34m[1mGenerating EusLisp code from traversability_msgs/CheckFootprintPath.srv[0m
[ 47%] [34m[1mGenerating Javascript code from traversability_msgs/Overwrite.srv[0m
[ 52%] [34m[1mGenerating EusLisp code from traversability_msgs/Overwrite.srv[0m
[ 52%] Built target traversability_msgs_generate_messages_nodejs
[ 56%] [34m[1mGenerating Python from MSG traversability_msgs/TraversabilityResult[0m
[ 60%] [34m[1mGenerating C++ code from traversability_msgs/Overwrite.srv[0m
[ 65%] [34m[1mGenerating EusLisp manifest code for traversability_msgs[0m
[ 65%] Built target traversability_msgs_generate_messages_cpp
[ 69%] [34m[1mGenerating Python code from SRV traversability_msgs/CheckFootprintPath[0m
[ 73%] [34m[1mGenerating Python code from SRV traversability_msgs/Overwrite[0m
[35m[1mScanning dependencies of target traversability_msgs_generate_messages_lisp[0m
[ 78%] [34m[1mGenerating Lisp code from traversability_msgs/FootprintPath.msg[0m
[ 82%] [34m[1mGenerating Lisp code from traversability_msgs/TraversabilityResult.msg[0m
[ 86%] [34m[1mGenerating Lisp code from traversability_msgs/CheckFootprintPath.srv[0m
[ 91%] [34m[1mGenerating Lisp code from traversability_msgs/Overwrite.srv[0m
[ 95%] [34m[1mGenerating Python msg __init__.py for traversability_msgs[0m
[100%] [34m[1mGenerating Python srv __init__.py for traversability_msgs[0m
[100%] Built target traversability_msgs_generate_messages_lisp
[100%] Built target traversability_msgs_generate_messages_py
[100%] Built target traversability_msgs_generate_messages_eus
[35m[1mScanning dependencies of target traversability_msgs_generate_messages[0m
[100%] Built target traversability_msgs_generate_messages
