Symlinking /home/zyt/zyt_0526/devel/share/common-lisp/ros/traversability_msgs/srv/_package_Overwrite.lisp
Symlinking /home/zyt/zyt_0526/devel/share/common-lisp/ros/traversability_msgs/srv/traversability_msgs-srv.asd
Symlinking /home/zyt/zyt_0526/devel/share/common-lisp/ros/traversability_msgs/srv/_package.lisp
Symlinking /home/zyt/zyt_0526/devel/share/common-lisp/ros/traversability_msgs/srv/Overwrite.lisp
Symlinking /home/zyt/zyt_0526/devel/share/common-lisp/ros/traversability_msgs/srv/_package_CheckFootprintPath.lisp
Symlinking /home/zyt/zyt_0526/devel/share/common-lisp/ros/traversability_msgs/srv/CheckFootprintPath.lisp
Symlinking /home/zyt/zyt_0526/devel/share/common-lisp/ros/traversability_msgs/msg/_package_TraversabilityResult.lisp
Symlinking /home/zyt/zyt_0526/devel/share/common-lisp/ros/traversability_msgs/msg/_package.lisp
Symlinking /home/zyt/zyt_0526/devel/share/common-lisp/ros/traversability_msgs/msg/traversability_msgs-msg.asd
Symlinking /home/zyt/zyt_0526/devel/share/common-lisp/ros/traversability_msgs/msg/TraversabilityResult.lisp
Symlinking /home/zyt/zyt_0526/devel/share/common-lisp/ros/traversability_msgs/msg/_package_FootprintPath.lisp
Symlinking /home/zyt/zyt_0526/devel/share/common-lisp/ros/traversability_msgs/msg/FootprintPath.lisp
Symlinking /home/zyt/zyt_0526/devel/share/gennodejs/ros/traversability_msgs/_index.js
Symlinking /home/zyt/zyt_0526/devel/share/gennodejs/ros/traversability_msgs/srv/_index.js
Symlinking /home/zyt/zyt_0526/devel/share/gennodejs/ros/traversability_msgs/srv/Overwrite.js
Symlinking /home/zyt/zyt_0526/devel/share/gennodejs/ros/traversability_msgs/srv/CheckFootprintPath.js
Symlinking /home/zyt/zyt_0526/devel/share/gennodejs/ros/traversability_msgs/msg/_index.js
Symlinking /home/zyt/zyt_0526/devel/share/gennodejs/ros/traversability_msgs/msg/FootprintPath.js
Symlinking /home/zyt/zyt_0526/devel/share/gennodejs/ros/traversability_msgs/msg/TraversabilityResult.js
Symlinking /home/zyt/zyt_0526/devel/share/roseus/ros/traversability_msgs/manifest.l
Symlinking /home/zyt/zyt_0526/devel/share/roseus/ros/traversability_msgs/srv/Overwrite.l
Symlinking /home/zyt/zyt_0526/devel/share/roseus/ros/traversability_msgs/srv/CheckFootprintPath.l
Symlinking /home/zyt/zyt_0526/devel/share/roseus/ros/traversability_msgs/msg/TraversabilityResult.l
Symlinking /home/zyt/zyt_0526/devel/share/roseus/ros/traversability_msgs/msg/FootprintPath.l
Symlinking /home/zyt/zyt_0526/devel/share/traversability_msgs/cmake/traversability_msgs-msg-paths.cmake
Symlinking /home/zyt/zyt_0526/devel/share/traversability_msgs/cmake/traversability_msgsConfig-version.cmake
Symlinking /home/zyt/zyt_0526/devel/share/traversability_msgs/cmake/traversability_msgsConfig.cmake
Symlinking /home/zyt/zyt_0526/devel/share/traversability_msgs/cmake/traversability_msgs-msg-extras.cmake
Symlinking /home/zyt/zyt_0526/devel/include/traversability_msgs/CheckFootprintPathRequest.h
Symlinking /home/zyt/zyt_0526/devel/include/traversability_msgs/CheckFootprintPathResponse.h
Symlinking /home/zyt/zyt_0526/devel/include/traversability_msgs/FootprintPath.h
Symlinking /home/zyt/zyt_0526/devel/include/traversability_msgs/OverwriteResponse.h
Symlinking /home/zyt/zyt_0526/devel/include/traversability_msgs/OverwriteRequest.h
Symlinking /home/zyt/zyt_0526/devel/include/traversability_msgs/CheckFootprintPath.h
Symlinking /home/zyt/zyt_0526/devel/include/traversability_msgs/TraversabilityResult.h
Symlinking /home/zyt/zyt_0526/devel/include/traversability_msgs/Overwrite.h
Symlinking /home/zyt/zyt_0526/devel/lib/python3/dist-packages/traversability_msgs/__init__.py
Symlinking /home/zyt/zyt_0526/devel/lib/python3/dist-packages/traversability_msgs/srv/_Overwrite.py
Symlinking /home/zyt/zyt_0526/devel/lib/python3/dist-packages/traversability_msgs/srv/__init__.py
Symlinking /home/zyt/zyt_0526/devel/lib/python3/dist-packages/traversability_msgs/srv/_CheckFootprintPath.py
Symlinking /home/zyt/zyt_0526/devel/lib/python3/dist-packages/traversability_msgs/msg/_FootprintPath.py
Symlinking /home/zyt/zyt_0526/devel/lib/python3/dist-packages/traversability_msgs/msg/_TraversabilityResult.py
Symlinking /home/zyt/zyt_0526/devel/lib/python3/dist-packages/traversability_msgs/msg/__init__.py
Symlinking /home/zyt/zyt_0526/devel/lib/pkgconfig/traversability_msgs.pc
