Linked: (/home/zyt/zyt_0526/devel/.private/traversability_msgs/share/common-lisp/ros/traversability_msgs/srv/_package_Overwrite.lisp, /home/zyt/zyt_0526/devel/share/common-lisp/ros/traversability_msgs/srv/_package_Overwrite.lisp)
Linked: (/home/zyt/zyt_0526/devel/.private/traversability_msgs/share/common-lisp/ros/traversability_msgs/srv/traversability_msgs-srv.asd, /home/zyt/zyt_0526/devel/share/common-lisp/ros/traversability_msgs/srv/traversability_msgs-srv.asd)
Linked: (/home/zyt/zyt_0526/devel/.private/traversability_msgs/share/common-lisp/ros/traversability_msgs/srv/_package.lisp, /home/zyt/zyt_0526/devel/share/common-lisp/ros/traversability_msgs/srv/_package.lisp)
Linked: (/home/zyt/zyt_0526/devel/.private/traversability_msgs/share/common-lisp/ros/traversability_msgs/srv/Overwrite.lisp, /home/zyt/zyt_0526/devel/share/common-lisp/ros/traversability_msgs/srv/Overwrite.lisp)
Linked: (/home/zyt/zyt_0526/devel/.private/traversability_msgs/share/common-lisp/ros/traversability_msgs/srv/_package_CheckFootprintPath.lisp, /home/zyt/zyt_0526/devel/share/common-lisp/ros/traversability_msgs/srv/_package_CheckFootprintPath.lisp)
Linked: (/home/zyt/zyt_0526/devel/.private/traversability_msgs/share/common-lisp/ros/traversability_msgs/srv/CheckFootprintPath.lisp, /home/zyt/zyt_0526/devel/share/common-lisp/ros/traversability_msgs/srv/CheckFootprintPath.lisp)
Linked: (/home/zyt/zyt_0526/devel/.private/traversability_msgs/share/common-lisp/ros/traversability_msgs/msg/_package_TraversabilityResult.lisp, /home/zyt/zyt_0526/devel/share/common-lisp/ros/traversability_msgs/msg/_package_TraversabilityResult.lisp)
Linked: (/home/zyt/zyt_0526/devel/.private/traversability_msgs/share/common-lisp/ros/traversability_msgs/msg/_package.lisp, /home/zyt/zyt_0526/devel/share/common-lisp/ros/traversability_msgs/msg/_package.lisp)
Linked: (/home/zyt/zyt_0526/devel/.private/traversability_msgs/share/common-lisp/ros/traversability_msgs/msg/traversability_msgs-msg.asd, /home/zyt/zyt_0526/devel/share/common-lisp/ros/traversability_msgs/msg/traversability_msgs-msg.asd)
Linked: (/home/zyt/zyt_0526/devel/.private/traversability_msgs/share/common-lisp/ros/traversability_msgs/msg/TraversabilityResult.lisp, /home/zyt/zyt_0526/devel/share/common-lisp/ros/traversability_msgs/msg/TraversabilityResult.lisp)
Linked: (/home/zyt/zyt_0526/devel/.private/traversability_msgs/share/common-lisp/ros/traversability_msgs/msg/_package_FootprintPath.lisp, /home/zyt/zyt_0526/devel/share/common-lisp/ros/traversability_msgs/msg/_package_FootprintPath.lisp)
Linked: (/home/zyt/zyt_0526/devel/.private/traversability_msgs/share/common-lisp/ros/traversability_msgs/msg/FootprintPath.lisp, /home/zyt/zyt_0526/devel/share/common-lisp/ros/traversability_msgs/msg/FootprintPath.lisp)
Linked: (/home/zyt/zyt_0526/devel/.private/traversability_msgs/share/gennodejs/ros/traversability_msgs/_index.js, /home/zyt/zyt_0526/devel/share/gennodejs/ros/traversability_msgs/_index.js)
Linked: (/home/zyt/zyt_0526/devel/.private/traversability_msgs/share/gennodejs/ros/traversability_msgs/srv/_index.js, /home/zyt/zyt_0526/devel/share/gennodejs/ros/traversability_msgs/srv/_index.js)
Linked: (/home/zyt/zyt_0526/devel/.private/traversability_msgs/share/gennodejs/ros/traversability_msgs/srv/Overwrite.js, /home/zyt/zyt_0526/devel/share/gennodejs/ros/traversability_msgs/srv/Overwrite.js)
Linked: (/home/zyt/zyt_0526/devel/.private/traversability_msgs/share/gennodejs/ros/traversability_msgs/srv/CheckFootprintPath.js, /home/zyt/zyt_0526/devel/share/gennodejs/ros/traversability_msgs/srv/CheckFootprintPath.js)
Linked: (/home/zyt/zyt_0526/devel/.private/traversability_msgs/share/gennodejs/ros/traversability_msgs/msg/_index.js, /home/zyt/zyt_0526/devel/share/gennodejs/ros/traversability_msgs/msg/_index.js)
Linked: (/home/zyt/zyt_0526/devel/.private/traversability_msgs/share/gennodejs/ros/traversability_msgs/msg/FootprintPath.js, /home/zyt/zyt_0526/devel/share/gennodejs/ros/traversability_msgs/msg/FootprintPath.js)
Linked: (/home/zyt/zyt_0526/devel/.private/traversability_msgs/share/gennodejs/ros/traversability_msgs/msg/TraversabilityResult.js, /home/zyt/zyt_0526/devel/share/gennodejs/ros/traversability_msgs/msg/TraversabilityResult.js)
Linked: (/home/zyt/zyt_0526/devel/.private/traversability_msgs/share/roseus/ros/traversability_msgs/manifest.l, /home/zyt/zyt_0526/devel/share/roseus/ros/traversability_msgs/manifest.l)
Linked: (/home/zyt/zyt_0526/devel/.private/traversability_msgs/share/roseus/ros/traversability_msgs/srv/Overwrite.l, /home/zyt/zyt_0526/devel/share/roseus/ros/traversability_msgs/srv/Overwrite.l)
Linked: (/home/zyt/zyt_0526/devel/.private/traversability_msgs/share/roseus/ros/traversability_msgs/srv/CheckFootprintPath.l, /home/zyt/zyt_0526/devel/share/roseus/ros/traversability_msgs/srv/CheckFootprintPath.l)
Linked: (/home/zyt/zyt_0526/devel/.private/traversability_msgs/share/roseus/ros/traversability_msgs/msg/TraversabilityResult.l, /home/zyt/zyt_0526/devel/share/roseus/ros/traversability_msgs/msg/TraversabilityResult.l)
Linked: (/home/zyt/zyt_0526/devel/.private/traversability_msgs/share/roseus/ros/traversability_msgs/msg/FootprintPath.l, /home/zyt/zyt_0526/devel/share/roseus/ros/traversability_msgs/msg/FootprintPath.l)
Linked: (/home/zyt/zyt_0526/devel/.private/traversability_msgs/share/traversability_msgs/cmake/traversability_msgs-msg-paths.cmake, /home/zyt/zyt_0526/devel/share/traversability_msgs/cmake/traversability_msgs-msg-paths.cmake)
Linked: (/home/zyt/zyt_0526/devel/.private/traversability_msgs/share/traversability_msgs/cmake/traversability_msgsConfig-version.cmake, /home/zyt/zyt_0526/devel/share/traversability_msgs/cmake/traversability_msgsConfig-version.cmake)
Linked: (/home/zyt/zyt_0526/devel/.private/traversability_msgs/share/traversability_msgs/cmake/traversability_msgsConfig.cmake, /home/zyt/zyt_0526/devel/share/traversability_msgs/cmake/traversability_msgsConfig.cmake)
Linked: (/home/zyt/zyt_0526/devel/.private/traversability_msgs/share/traversability_msgs/cmake/traversability_msgs-msg-extras.cmake, /home/zyt/zyt_0526/devel/share/traversability_msgs/cmake/traversability_msgs-msg-extras.cmake)
Linked: (/home/zyt/zyt_0526/devel/.private/traversability_msgs/include/traversability_msgs/CheckFootprintPathRequest.h, /home/zyt/zyt_0526/devel/include/traversability_msgs/CheckFootprintPathRequest.h)
Linked: (/home/zyt/zyt_0526/devel/.private/traversability_msgs/include/traversability_msgs/CheckFootprintPathResponse.h, /home/zyt/zyt_0526/devel/include/traversability_msgs/CheckFootprintPathResponse.h)
Linked: (/home/zyt/zyt_0526/devel/.private/traversability_msgs/include/traversability_msgs/FootprintPath.h, /home/zyt/zyt_0526/devel/include/traversability_msgs/FootprintPath.h)
Linked: (/home/zyt/zyt_0526/devel/.private/traversability_msgs/include/traversability_msgs/OverwriteResponse.h, /home/zyt/zyt_0526/devel/include/traversability_msgs/OverwriteResponse.h)
Linked: (/home/zyt/zyt_0526/devel/.private/traversability_msgs/include/traversability_msgs/OverwriteRequest.h, /home/zyt/zyt_0526/devel/include/traversability_msgs/OverwriteRequest.h)
Linked: (/home/zyt/zyt_0526/devel/.private/traversability_msgs/include/traversability_msgs/CheckFootprintPath.h, /home/zyt/zyt_0526/devel/include/traversability_msgs/CheckFootprintPath.h)
Linked: (/home/zyt/zyt_0526/devel/.private/traversability_msgs/include/traversability_msgs/TraversabilityResult.h, /home/zyt/zyt_0526/devel/include/traversability_msgs/TraversabilityResult.h)
Linked: (/home/zyt/zyt_0526/devel/.private/traversability_msgs/include/traversability_msgs/Overwrite.h, /home/zyt/zyt_0526/devel/include/traversability_msgs/Overwrite.h)
Linked: (/home/zyt/zyt_0526/devel/.private/traversability_msgs/lib/python3/dist-packages/traversability_msgs/__init__.py, /home/zyt/zyt_0526/devel/lib/python3/dist-packages/traversability_msgs/__init__.py)
Linked: (/home/zyt/zyt_0526/devel/.private/traversability_msgs/lib/python3/dist-packages/traversability_msgs/srv/_Overwrite.py, /home/zyt/zyt_0526/devel/lib/python3/dist-packages/traversability_msgs/srv/_Overwrite.py)
Linked: (/home/zyt/zyt_0526/devel/.private/traversability_msgs/lib/python3/dist-packages/traversability_msgs/srv/__init__.py, /home/zyt/zyt_0526/devel/lib/python3/dist-packages/traversability_msgs/srv/__init__.py)
Linked: (/home/zyt/zyt_0526/devel/.private/traversability_msgs/lib/python3/dist-packages/traversability_msgs/srv/_CheckFootprintPath.py, /home/zyt/zyt_0526/devel/lib/python3/dist-packages/traversability_msgs/srv/_CheckFootprintPath.py)
Linked: (/home/zyt/zyt_0526/devel/.private/traversability_msgs/lib/python3/dist-packages/traversability_msgs/msg/_FootprintPath.py, /home/zyt/zyt_0526/devel/lib/python3/dist-packages/traversability_msgs/msg/_FootprintPath.py)
Linked: (/home/zyt/zyt_0526/devel/.private/traversability_msgs/lib/python3/dist-packages/traversability_msgs/msg/_TraversabilityResult.py, /home/zyt/zyt_0526/devel/lib/python3/dist-packages/traversability_msgs/msg/_TraversabilityResult.py)
Linked: (/home/zyt/zyt_0526/devel/.private/traversability_msgs/lib/python3/dist-packages/traversability_msgs/msg/__init__.py, /home/zyt/zyt_0526/devel/lib/python3/dist-packages/traversability_msgs/msg/__init__.py)
Linked: (/home/zyt/zyt_0526/devel/.private/traversability_msgs/lib/pkgconfig/traversability_msgs.pc, /home/zyt/zyt_0526/devel/lib/pkgconfig/traversability_msgs.pc)
