Performing C SOURCE FILE Test CMAKE_HAVE_LIBC_PTHREAD failed with the following output:
Change Dir: /home/zyt/zyt_0526/build/hexapod_master/CMakeFiles/CMakeTmp

Run Build Command(s):/usr/bin/make cmTC_73601/fast && /usr/bin/make -f CMakeFiles/cmTC_73601.dir/build.make CMakeFiles/cmTC_73601.dir/build
make[1]: 进入目录“/home/zyt/zyt_0526/build/hexapod_master/CMakeFiles/CMakeTmp”
Building C object CMakeFiles/cmTC_73601.dir/src.c.o
/usr/bin/cc   -O3  -Wall -DCMAKE_HAVE_LIBC_PTHREAD   -o CMakeFiles/cmTC_73601.dir/src.c.o   -c /home/zyt/zyt_0526/build/hexapod_master/CMakeFiles/CMakeTmp/src.c
Linking C executable cmTC_73601
/usr/bin/cmake -E cmake_link_script CMakeFiles/cmTC_73601.dir/link.txt --verbose=1
/usr/bin/cc  -O3  -Wall -DCMAKE_HAVE_LIBC_PTHREAD    -rdynamic CMakeFiles/cmTC_73601.dir/src.c.o  -o cmTC_73601 
/usr/bin/ld: CMakeFiles/cmTC_73601.dir/src.c.o: in function `main':
src.c:(.text.startup+0x29): undefined reference to `pthread_create'
/usr/bin/ld: src.c:(.text.startup+0x32): undefined reference to `pthread_detach'
/usr/bin/ld: src.c:(.text.startup+0x3d): undefined reference to `pthread_join'
collect2: error: ld returned 1 exit status
make[1]: *** [CMakeFiles/cmTC_73601.dir/build.make:87：cmTC_73601] 错误 1
make[1]: 离开目录“/home/zyt/zyt_0526/build/hexapod_master/CMakeFiles/CMakeTmp”
make: *** [Makefile:121：cmTC_73601/fast] 错误 2


Source file was:
#include <pthread.h>

void* test_func(void* data)
{
  return data;
}

int main(void)
{
  pthread_t thread;
  pthread_create(&thread, NULL, test_func, NULL);
  pthread_detach(thread);
  pthread_join(thread, NULL);
  pthread_atfork(NULL, NULL, NULL);
  pthread_exit(NULL);

  return 0;
}

Determining if the function pthread_create exists in the pthreads failed with the following output:
Change Dir: /home/zyt/zyt_0526/build/hexapod_master/CMakeFiles/CMakeTmp

Run Build Command(s):/usr/bin/make cmTC_2b2f6/fast && /usr/bin/make -f CMakeFiles/cmTC_2b2f6.dir/build.make CMakeFiles/cmTC_2b2f6.dir/build
make[1]: 进入目录“/home/zyt/zyt_0526/build/hexapod_master/CMakeFiles/CMakeTmp”
Building C object CMakeFiles/cmTC_2b2f6.dir/CheckFunctionExists.c.o
/usr/bin/cc   -O3  -Wall -DCHECK_FUNCTION_EXISTS=pthread_create   -o CMakeFiles/cmTC_2b2f6.dir/CheckFunctionExists.c.o   -c /usr/share/cmake-3.16/Modules/CheckFunctionExists.c
Linking C executable cmTC_2b2f6
/usr/bin/cmake -E cmake_link_script CMakeFiles/cmTC_2b2f6.dir/link.txt --verbose=1
/usr/bin/cc  -O3  -Wall -DCHECK_FUNCTION_EXISTS=pthread_create    -rdynamic CMakeFiles/cmTC_2b2f6.dir/CheckFunctionExists.c.o  -o cmTC_2b2f6  -lpthreads 
/usr/bin/ld: 找不到 -lpthreads
collect2: error: ld returned 1 exit status
make[1]: *** [CMakeFiles/cmTC_2b2f6.dir/build.make:87：cmTC_2b2f6] 错误 1
make[1]: 离开目录“/home/zyt/zyt_0526/build/hexapod_master/CMakeFiles/CMakeTmp”
make: *** [Makefile:121：cmTC_2b2f6/fast] 错误 2



